# JRE version: OpenJDK Runtime Environment (11.0.7+10) (build 11.0.7+10-b765.64)
# Java VM: OpenJDK 64-Bit Server VM (11.0.7+10-b765.64, mixed mode, tiered, compressed oops, g1 gc, windows-amd64)
Heap:
 garbage-first heap   total 194560K, used 118495K [0x0000000743800000, 0x0000000800000000)
  region size 1024K, 108 young (110592K), 13 survivors (13312K)
 Metaspace       used 48022K, capacity 49734K, committed 50000K, reserved 1093632K
  class space    used 6197K, capacity 6848K, committed 6912K, reserved 1048576K
GC Heap History (16 events):
Event: 1.204 GC heap before
{Heap before GC invocations=0 (full 0):
 garbage-first heap   total 194560K, used 23552K [0x0000000743800000, 0x0000000800000000)
  region size 1024K, 24 young (24576K), 0 survivors (0K)
 Metaspace       used 13309K, capacity 13684K, committed 13824K, reserved 1060864K
  class space    used 1378K, capacity 1476K, committed 1536K, reserved 1048576K
}
Event: 1.215 GC heap after
{Heap after GC invocations=1 (full 0):
 garbage-first heap   total 194560K, used 7470K [0x0000000743800000, 0x0000000800000000)
  region size 1024K, 3 young (3072K), 3 survivors (3072K)
 Metaspace       used 13309K, capacity 13684K, committed 13824K, reserved 1060864K
  class space    used 1378K, capacity 1476K, committed 1536K, reserved 1048576K
}
Event: 1.484 GC heap before
{Heap before GC invocations=1 (full 0):
 garbage-first heap   total 194560K, used 22830K [0x0000000743800000, 0x0000000800000000)
  region size 1024K, 18 young (18432K), 3 survivors (3072K)
 Metaspace       used 14572K, capacity 14952K, committed 15104K, reserved 1062912K
  class space    used 1531K, capacity 1668K, committed 1792K, reserved 1048576K
}
Event: 1.488 GC heap after
{Heap after GC invocations=2 (full 0):
 garbage-first heap   total 194560K, used 8697K [0x0000000743800000, 0x0000000800000000)
  region size 1024K, 1 young (1024K), 1 survivors (1024K)
 Metaspace       used 14572K, capacity 14952K, committed 15104K, reserved 1062912K
  class space    used 1531K, capacity 1668K, committed 1792K, reserved 1048576K
}
Event: 2.038 GC heap before
{Heap before GC invocations=2 (full 0):
 garbage-first heap   total 194560K, used 54777K [0x0000000743800000, 0x0000000800000000)
  region size 1024K, 47 young (48128K), 1 survivors (1024K)
 Metaspace       used 20222K, capacity 20783K, committed 20992K, reserved 1067008K
  class space    used 2311K, capacity 2544K, committed 2560K, reserved 1048576K
}
Event: 2.093 GC heap after
{Heap after GC invocations=3 (full 0):
 garbage-first heap   total 194560K, used 9867K [0x0000000743800000, 0x0000000800000000)
  region size 1024K, 3 young (3072K), 3 survivors (3072K)
 Metaspace       used 20222K, capacity 20783K, committed 20992K, reserved 1067008K
  class space    used 2311K, capacity 2544K, committed 2560K, reserved 1048576K
}
Event: 2.177 GC heap before
{Heap before GC invocations=3 (full 0):
 garbage-first heap   total 194560K, used 18059K [0x0000000743800000, 0x0000000800000000)
  region size 1024K, 12 young (12288K), 3 survivors (3072K)
 Metaspace       used 20631K, capacity 21199K, committed 21296K, reserved 1069056K
  class space    used 2428K, capacity 2640K, committed 2688K, reserved 1048576K
}
Event: 2.180 GC heap after
{Heap after GC invocations=4 (full 0):
 garbage-first heap   total 194560K, used 10151K [0x0000000743800000, 0x0000000800000000)
  region size 1024K, 3 young (3072K), 3 survivors (3072K)
 Metaspace       used 20631K, capacity 21199K, committed 21296K, reserved 1069056K
  class space    used 2428K, capacity 2640K, committed 2688K, reserved 1048576K
}
Event: 3.963 GC heap before
{Heap before GC invocations=5 (full 0):
 garbage-first heap   total 194560K, used 107431K [0x0000000743800000, 0x0000000800000000)
  region size 1024K, 99 young (101376K), 3 survivors (3072K)
 Metaspace       used 29601K, capacity 30513K, committed 30640K, reserved 1075200K
  class space    used 3654K, capacity 4030K, committed 4096K, reserved 1048576K
}
Event: 3.967 GC heap after
{Heap after GC invocations=6 (full 0):
 garbage-first heap   total 194560K, used 13593K [0x0000000743800000, 0x0000000800000000)
  region size 1024K, 6 young (6144K), 6 survivors (6144K)
 Metaspace       used 29601K, capacity 30513K, committed 30640K, reserved 1075200K
  class space    used 3654K, capacity 4030K, committed 4096K, reserved 1048576K
}
Event: 4.307 GC heap before
{Heap before GC invocations=6 (full 0):
 garbage-first heap   total 194560K, used 124185K [0x0000000743800000, 0x0000000800000000)
  region size 1024K, 114 young (116736K), 6 survivors (6144K)
 Metaspace       used 29966K, capacity 30883K, committed 31024K, reserved 1077248K
  class space    used 3711K, capacity 4105K, committed 4224K, reserved 1048576K
}
Event: 4.312 GC heap after
{Heap after GC invocations=7 (full 0):
 garbage-first heap   total 194560K, used 14673K [0x0000000743800000, 0x0000000800000000)
  region size 1024K, 7 young (7168K), 7 survivors (7168K)
 Metaspace       used 29966K, capacity 30883K, committed 31024K, reserved 1077248K
  class space    used 3711K, capacity 4105K, committed 4224K, reserved 1048576K
}
Event: 5.128 GC heap before
{Heap before GC invocations=7 (full 0):
 garbage-first heap   total 194560K, used 120145K [0x0000000743800000, 0x0000000800000000)
  region size 1024K, 111 young (113664K), 7 survivors (7168K)
 Metaspace       used 34744K, capacity 35811K, committed 35920K, reserved 1081344K
  class space    used 4388K, capacity 4804K, committed 4864K, reserved 1048576K
}
Event: 5.142 GC heap after
{Heap after GC invocations=8 (full 0):
 garbage-first heap   total 194560K, used 16922K [0x0000000743800000, 0x0000000800000000)
  region size 1024K, 9 young (9216K), 9 survivors (9216K)
 Metaspace       used 34744K, capacity 35811K, committed 35920K, reserved 1081344K
  class space    used 4388K, capacity 4804K, committed 4864K, reserved 1048576K
}
Event: 5.954 GC heap before
{Heap before GC invocations=9 (full 0):
 garbage-first heap   total 194560K, used 124442K [0x0000000743800000, 0x0000000800000000)
  region size 1024K, 114 young (116736K), 9 survivors (9216K)
 Metaspace       used 41303K, capacity 42541K, committed 42704K, reserved 1087488K
  class space    used 5208K, capacity 5690K, committed 5760K, reserved 1048576K
}
Event: 5.962 GC heap after
{Heap after GC invocations=10 (full 0):
 garbage-first heap   total 194560K, used 22239K [0x0000000743800000, 0x0000000800000000)
  region size 1024K, 13 young (13312K), 13 survivors (13312K)
 Metaspace       used 41303K, capacity 42541K, committed 42704K, reserved 1087488K
  class space    used 5208K, capacity 5690K, committed 5760K, reserved 1048576K
}

